C51 COMPILER V9.60.0.0   BSP_BEEF                                                          08/13/2021 21:15:39 PAGE 1   


C51 COMPILER V9.60.0.0, COMPILATION OF MODULE BSP_BEEF
OBJECT MODULE PLACED IN .\Objects\bsp_beef.obj
COMPILER INVOKED BY: E:\KEILMDK\MDK5\C51\BIN\C51.EXE ..\Libraries\FWlib\src\bsp_beef.c OPTIMIZE(8,SPEED) BROWSE INCDIR(.
                    -.\Libraries\CMSIS\startup;..\Libraries\CMSIS;..\Libraries\FWlib\src;..\Libraries\FWlib\inc;..\Libraries\FWlib;..\User) D
                    -EBUG OBJECTEXTEND PRINT(.\Listings\bsp_beef.lst) TABS(2) OBJECT(.\Objects\bsp_beef.obj)

line level    source

   1          #include "bsp_beef.h"
   2          
   3          #if BSP_BEEF
              
              void Beef_On(void)
              {
                P5&=0xEF;
              }
              
              void Beef_Off(void)
              {
                P5|=0x10;
              }
              void Beef_Toggle(void)
              {
                P5^=0x10;
              }
              
              #endif
  20          
  21          
  22          


MODULE INFORMATION:   STATIC OVERLAYABLE
   CODE SIZE        =   ----    ----
   CONSTANT SIZE    =   ----    ----
   XDATA SIZE       =   ----    ----
   PDATA SIZE       =   ----    ----
   DATA SIZE        =   ----    ----
   IDATA SIZE       =   ----    ----
   BIT SIZE         =   ----    ----
END OF MODULE INFORMATION.


C51 COMPILATION COMPLETE.  0 WARNING(S),  0 ERROR(S)
