C51 COMPILER V9.60.0.0   BSP_USART                                                         08/13/2021 21:15:40 PAGE 1   


C51 COMPILER V9.60.0.0, COMPILATION OF MODULE BSP_USART
OBJECT MODULE PLACED IN .\Objects\bsp_usart.obj
COMPILER INVOKED BY: E:\KEILMDK\MDK5\C51\BIN\C51.EXE ..\Libraries\FWlib\src\bsp_usart.c OPTIMIZE(8,SPEED) BROWSE INCDIR(
                    -..\Libraries\CMSIS\startup;..\Libraries\CMSIS;..\Libraries\FWlib\src;..\Libraries\FWlib\inc;..\Libraries\FWlib;..\User) 
                    -DEBUG OBJECTEXTEND PRINT(.\Listings\bsp_usart.lst) TABS(2) OBJECT(.\Objects\bsp_usart.obj)

line level    source

   1          #include "bsp_usart.h"
   2          
   3          #if BSP_USART
              
              void Usart_Init(void)
              {
                PCON &= 0x7F;   
                SCON = 0x50;    
                AUXR |= 0x40;   
                AUXR &= 0xFE;   
                TMOD &= 0x0F;   
                TMOD |= 0x20;   
                TL1 = 0xDC;   
                TH1 = 0xDC;   
                ET1 = 0;    
                TR1 = 1;
                TI=1; 
              
              }
              
              
              void Usart_Senddata(unsigned char character)
              {
                SBUF=character;
              }
              
              
              #endif
  29          
  30          


MODULE INFORMATION:   STATIC OVERLAYABLE
   CODE SIZE        =   ----    ----
   CONSTANT SIZE    =   ----    ----
   XDATA SIZE       =   ----    ----
   PDATA SIZE       =   ----    ----
   DATA SIZE        =   ----    ----
   IDATA SIZE       =   ----    ----
   BIT SIZE         =   ----    ----
END OF MODULE INFORMATION.


C51 COMPILATION COMPLETE.  0 WARNING(S),  0 ERROR(S)
