C51 COMPILER V9.60.0.0   BSP_TLC5620                                                       08/13/2021 21:15:39 PAGE 1   


C51 COMPILER V9.60.0.0, COMPILATION OF MODULE BSP_TLC5620
OBJECT MODULE PLACED IN .\Objects\bsp_TLC5620.obj
COMPILER INVOKED BY: E:\KEILMDK\MDK5\C51\BIN\C51.EXE ..\Libraries\FWlib\src\bsp_TLC5620.c OPTIMIZE(8,SPEED) BROWSE INCDI
                    -R(..\Libraries\CMSIS\startup;..\Libraries\CMSIS;..\Libraries\FWlib\src;..\Libraries\FWlib\inc;..\Libraries\FWlib;..\User
                    -) DEBUG OBJECTEXTEND PRINT(.\Listings\bsp_TLC5620.lst) TABS(2) OBJECT(.\Objects\bsp_TLC5620.obj)

line level    source

   1          #include "bsp_TLC5620.h"
   2          
   3          #if BSP_TLC5620
              
              void  DacX_Channel_write(unsigned char Channel,unsigned char num,unsigned char rng)
              {
                unsigned char i=0x80,j;
                if(Channel==DacA)
                {
                  Clk_On;
                  delay(0xF);
                  Data_Off;
                  Clk_Off;
                  delay(0xF);
                  Clk_On;
                  delay(0xF);
                  Clk_Off;
                }
                if(Channel==DacB)
                {
                  Clk_On;
                  delay(0xF);
                  Data_Off;
                  Clk_Off;
                  delay(0xF);
                  Clk_On;
                  Data_On;
                  delay(0xF);
                  Clk_Off;
                }
                if(Channel==DacC)
                {
                  Clk_On;
                  Data_On;
                  delay(0xF);
                  Clk_Off;
                  delay(0xF);
                  Clk_On;
                  Data_Off;
                  delay(0xF);
                  Clk_Off;
                }
                if(Channel==DacD)
                {
                  Clk_On;
                  Data_On;
                  delay(0xF);
                  Clk_Off;
                  delay(0xF);
                  Clk_On;
                  Data_On;
                  delay(0xF);
                  Clk_Off;
C51 COMPILER V9.60.0.0   BSP_TLC5620                                                       08/13/2021 21:15:39 PAGE 2   

                }
                if(rng==0)
                {
                  delay(0xF);
                  Clk_On;
                  delay(0xF);
                  Clk_Off;
                  delay(0xF);
                  Clk_On;
                }
                else
                {
                  delay(0xF);
                  Clk_On;
                  delay(0xF);
                  Data_On;
                  Clk_Off;
                  delay(0xF);
                  Clk_On;
                }
                for(j=0;j<8;j++)
                {
                  if(num&i)
                  {
                    delay(0xF);
                    Data_On;
                    Clk_Off;
                    delay(0xF);
                    Clk_On;
                    i>>=1;
                  }
                  else
                  {
                    delay(0xF);
                    Data_Off;
                    Clk_Off;
                    delay(0xF);
                    Clk_On;
                    i>>=1;
                  }
                }
                Load_Off;
                Ldac_Off;
                delay(0xF);
                Ldac_On;
                Load_On;
                delay(0xF);
              }
              
              void  DacA_write(unsigned char num,unsigned char rng)
              {
                unsigned char i=0x80,j;
                Clk_On;
                delay(0xF);
                Data_Off;
                Clk_Off;
                delay(0xF);
                Clk_On;
                delay(0xF);
                Clk_Off;
                if(rng==0)
                {
C51 COMPILER V9.60.0.0   BSP_TLC5620                                                       08/13/2021 21:15:39 PAGE 3   

                  delay(0xF);
                  Clk_On;
                  delay(0xF);
                  Clk_Off;
                  delay(0xF);
                  Clk_On;
                }
                else
                {
                  delay(0xF);
                  Clk_On;
                  delay(0xF);
                  Data_On;
                  Clk_Off;
                  delay(0xF);
                  Clk_On;
                }
                for(j=0;j<8;j++)
                {
                  if(num&i)
                  {
                    delay(0xF);
                    Data_On;
                    Clk_Off;
                    delay(0xF);
                    Clk_On;
                    i>>=1;
                  }
                  else
                  {
                    delay(0xF);
                    Data_Off;
                    Clk_Off;
                    delay(0xF);
                    Clk_On;
                    i>>=1;
                  }
                }
                Load_Off;
                Ldac_Off;
                delay(0xF);
                Ldac_On;
                Load_On;
                delay(0xF);
              }
              
              
              void  DacB_write(unsigned char num,unsigned char rng)
              {
                unsigned char i=0x80,j;
                Clk_On;
                delay(0xF);
                Data_Off;
                Clk_Off;
                delay(0xF);
                Clk_On;
                Data_On;
                delay(0xF);
                Clk_Off;
                if(rng==0)
                {
                  delay(0xF);
C51 COMPILER V9.60.0.0   BSP_TLC5620                                                       08/13/2021 21:15:39 PAGE 4   

                  Clk_On;
                  Data_Off;
                  delay(0xF);
                  Clk_Off;
                  delay(0xF);
                  Clk_On;
                }
                else
                {
                  delay(0xF);
                  Clk_On;
                  delay(0xF);
                  Data_On;
                  Clk_Off;
                  delay(0xF);
                  Clk_On;
                }
                for(j=0;j<8;j++)
                {
                  if(num&i)
                  {
                    delay(0xF);
                    Data_On;
                    Clk_Off;
                    delay(0xF);
                    Clk_On;
                    i>>=1;
                  }
                  else
                  {
                    delay(0xF);
                    Data_Off;
                    Clk_Off;
                    delay(0xF);
                    Clk_On;
                    i>>=1;
                  }
                }
                Load_Off;
                Ldac_Off;
                delay(0xF);
                Ldac_On;
                Load_On;
                delay(0xF);
              }
              
              void  DacC_write(unsigned char num,unsigned char rng)
              {
                unsigned char i=0x80,j;
                Clk_On;
                Data_On;
                delay(0xF);
                Clk_Off;
                delay(0xF);
                Clk_On;
                Data_Off;
                delay(0xF);
                Clk_Off;
                if(rng==0)
                {
                  delay(0xF);
                  Clk_On;
C51 COMPILER V9.60.0.0   BSP_TLC5620                                                       08/13/2021 21:15:39 PAGE 5   

                  delay(0xF);
                  Clk_Off;
                  delay(0xF);
                  Clk_On;
                }
                else
                {
                  delay(0xF);
                  Clk_On;
                  delay(0xF);
                  Data_On;
                  Clk_Off;
                  delay(0xF);
                  Clk_On;
                }
                for(j=0;j<8;j++)
                {
                  if(num&i)
                  {
                    delay(0xF);
                    Data_On;
                    Clk_Off;
                    delay(0xF);
                    Clk_On;
                    i>>=1;
                  }
                  else
                  {
                    delay(0xF);
                    Data_Off;
                    Clk_Off;
                    delay(0xF);
                    Clk_On;
                    i>>=1;
                  }
                }
                Load_Off;
                Ldac_Off;
                delay(0xF);
                Ldac_On;
                Load_On;
                delay(0xF);
              }
              
              void  DacD_write(unsigned char num,unsigned char rng)
              {
                unsigned char i=0x80,j;
                Clk_On;
                Data_On;
                delay(0xF);
                Clk_Off;
                delay(0xF);
                Clk_On;
                Data_On;
                delay(0xF);
                Clk_Off;
                if(rng==0)
                {
                  delay(0xF);
                  Clk_On;
                  delay(0xF);
                  Clk_Off;
C51 COMPILER V9.60.0.0   BSP_TLC5620                                                       08/13/2021 21:15:39 PAGE 6   

                  delay(0xF);
                  Clk_On;
                }
                else
                {
                  delay(0xF);
                  Clk_On;
                  delay(0xF);
                  Data_On;
                  Clk_Off;
                  delay(0xF);
                  Clk_On;
                }
                for(j=0;j<8;j++)
                {
                  if(num&i)
                  {
                    delay(0xF);
                    Data_On;
                    Clk_Off;
                    delay(0xF);
                    Clk_On;
                    i>>=1;
                  }
                  else
                  {
                    delay(0xF);
                    Data_Off;
                    Clk_Off;
                    delay(0xF);
                    Clk_On;
                    i>>=1;
                  }
                }
                Load_Off;
                Ldac_Off;
                delay(0xF);
                Ldac_On;
                Load_On;
                delay(0xF);
              }
              
              #endif
 345          


MODULE INFORMATION:   STATIC OVERLAYABLE
   CODE SIZE        =   ----    ----
   CONSTANT SIZE    =   ----    ----
   XDATA SIZE       =   ----    ----
   PDATA SIZE       =   ----    ----
   DATA SIZE        =   ----    ----
   IDATA SIZE       =   ----    ----
   BIT SIZE         =   ----    ----
END OF MODULE INFORMATION.


C51 COMPILATION COMPLETE.  0 WARNING(S),  0 ERROR(S)
