C51 COMPILER V9.60.0.0   BSP_DIGITAL                                                       08/13/2021 21:15:39 PAGE 1   


C51 COMPILER V9.60.0.0, COMPILATION OF MODULE BSP_DIGITAL
OBJECT MODULE PLACED IN .\Objects\bsp_digital.obj
COMPILER INVOKED BY: E:\KEILMDK\MDK5\C51\BIN\C51.EXE ..\Libraries\FWlib\src\bsp_digital.c OPTIMIZE(8,SPEED) BROWSE INCDI
                    -R(..\Libraries\CMSIS\startup;..\Libraries\CMSIS;..\Libraries\FWlib\src;..\Libraries\FWlib\inc;..\Libraries\FWlib;..\User
                    -) DEBUG OBJECTEXTEND PRINT(.\Listings\bsp_digital.lst) TABS(2) OBJECT(.\Objects\bsp_digital.obj)

line level    source

   1          #include "bsp_digital.h"
   2          
   3          #if BSP_DIGITAL
              
              const char Digital_tube[10]={0x82,0xE7,0x2A,0x26,0x47,0x16,0x12,0xA7,0x02,0x06};
              
              
              void Digital_tube_Display1(unsigned char num)
              {
                DISPLAY_CLOSE;
                DISPLAY1_EN;
                P2=Digital_tube[num];
              }
              void Digital_tube_Display2(unsigned char num)
              {
                DISPLAY_CLOSE;
                DISPLAY2_EN;
                P2=Digital_tube[num];
              }
              void Digital_tube_Display3(unsigned char num)
              {
                DISPLAY_CLOSE;
                DISPLAY3_EN;
                P2=Digital_tube[num];
              }
              void Digital_tube_Display4(unsigned char num)
              {
                DISPLAY_CLOSE;
                DISPLAY4_EN;
                P2=Digital_tube[num];
              }
              void Digital_tube_DisplayALL(unsigned short num,unsigned char *arr)
              {
                arr[0]=num/1000;
                arr[1]=(num-arr[0]*1000)/100;
                arr[2]=(num%100)/10;
                arr[3]=num%10;
              }
              
              
              #endif
  42          
  43          


MODULE INFORMATION:   STATIC OVERLAYABLE
   CODE SIZE        =   ----    ----
   CONSTANT SIZE    =   ----    ----
   XDATA SIZE       =   ----    ----
   PDATA SIZE       =   ----    ----
   DATA SIZE        =   ----    ----
   IDATA SIZE       =   ----    ----
   BIT SIZE         =   ----    ----
C51 COMPILER V9.60.0.0   BSP_DIGITAL                                                       08/13/2021 21:15:39 PAGE 2   

END OF MODULE INFORMATION.


C51 COMPILATION COMPLETE.  0 WARNING(S),  0 ERROR(S)
